<?xml version="1.0" encoding="UTF-8"?>
<!-- Generated by org.testng.reporters.JUnitReportReporter -->
<testsuite hostname="DESKTOP-DJ4FDME" failures="0" tests="2" name="org.xyz.automation.fb.FirstClassAutomation" time="9.292" errors="0" timestamp="2025-02-20T06:42:28 IST" skipped="0">
  <testcase classname="org.xyz.automation.fb.FirstClassAutomation" name="tc001_signup_functionality" time="5.919"/>
  <testcase classname="org.xyz.automation.fb.FirstClassAutomation" name="tc002_login_functionality" time="3.373"/>
</testsuite> <!-- org.xyz.automation.fb.FirstClassAutomation -->
