<?xml version="1.0" encoding="UTF-8"?>
<!-- Generated by org.testng.reporters.JUnitReportReporter -->
<testsuite hostname="DESKTOP-DJ4FDME" failures="0" tests="3" name="org.wipro.automation.saucedemo.testcases.LoginScenario" time="13.571" errors="0" timestamp="2025-02-25T06:27:58 IST" skipped="0">
  <testcase classname="org.wipro.automation.saucedemo.testcases.LoginScenario" name="tc01__Loginfunc" time="5.740"/>
  <testcase classname="org.wipro.automation.saucedemo.testcases.LoginScenario" name="tc01__Loginfunc" time="4.214"/>
  <testcase classname="org.wipro.automation.saucedemo.testcases.LoginScenario" name="tc01__Loginfunc" time="3.617"/>
</testsuite> <!-- org.wipro.automation.saucedemo.testcases.LoginScenario -->
