<?xml version="1.0" encoding="UTF-8"?>
<!-- Generated by org.testng.reporters.JUnitReportReporter -->
<testsuite hostname="DESKTOP-DJ4FDME" failures="0" tests="7" name="demoTestNG.TestScenario3" time="0.011" errors="0" timestamp="2025-02-20T06:42:28 IST" skipped="1">
  <testcase classname="demoTestNG.TestScenario3" name="forth_testcase" time="0.002"/>
  <testcase classname="demoTestNG.TestScenario3" name="sixth_testcase" time="0.002"/>
  <testcase classname="demoTestNG.TestScenario3" name="first_testcase" time="0.002"/>
  <testcase classname="demoTestNG.TestScenario3" name="fifth_testcase" time="0.001"/>
  <testcase classname="demoTestNG.TestScenario3" name="seventh_testcase" time="0.002"/>
  <testcase classname="demoTestNG.TestScenario3" name="third_testcase" time="0.002"/>
  <testcase classname="demoTestNG.TestScenario3" name="second_testcase">
    <skipped/>
  </testcase> <!-- second_testcase -->
</testsuite> <!-- demoTestNG.TestScenario3 -->
