<?xml version="1.0" encoding="UTF-8"?>
<!-- Generated by org.testng.reporters.JUnitReportReporter -->
<testsuite hostname="DESKTOP-DJ4FDME" failures="0" tests="3" name="org.xyz.automation.fb.KeyboardMouse_HandleWinAlertFrame" time="17.848" errors="0" timestamp="2025-02-20T06:42:28 IST" skipped="1">
  <testcase classname="org.xyz.automation.fb.KeyboardMouse_HandleWinAlertFrame" name="handlemouse" time="13.097"/>
  <testcase classname="org.xyz.automation.fb.KeyboardMouse_HandleWinAlertFrame" name="handlealerts" time="4.751"/>
  <testcase classname="org.xyz.automation.fb.KeyboardMouse_HandleWinAlertFrame" name="handlekeyboard">
    <skipped/>
  </testcase> <!-- handlekeyboard -->
</testsuite> <!-- org.xyz.automation.fb.KeyboardMouse_HandleWinAlertFrame -->
