<?xml version="1.0" encoding="UTF-8"?>
<!-- Generated by org.testng.reporters.JUnitReportReporter -->
<testsuite hostname="DESKTOP-DJ4FDME" failures="0" tests="2" name="org.wipro.automation.saucedemo.testcases.SignupScenario" time="11.527" errors="0" timestamp="2025-02-25T06:47:05 IST" skipped="0">
  <testcase classname="org.wipro.automation.saucedemo.testcases.SignupScenario" name="tc01__Signup" time="5.990"/>
  <testcase classname="org.wipro.automation.saucedemo.testcases.SignupScenario" name="tc01__Signup" time="5.537"/>
</testsuite> <!-- org.wipro.automation.saucedemo.testcases.SignupScenario -->
