<?xml version="1.0" encoding="UTF-8"?>
<!-- Generated by org.testng.reporters.JUnitReportReporter -->
<testsuite hostname="DESKTOP-DJ4FDME" failures="0" tests="2" name="org.xyz.automation.fb.DifferentWebsiteControl" time="8.157" errors="0" timestamp="2025-02-14T06:21:16 IST" skipped="1">
  <testcase classname="org.xyz.automation.fb.DifferentWebsiteControl" name="launchBrowser" time="8.157"/>
  <testcase classname="org.xyz.automation.fb.DifferentWebsiteControl" name="universalorlando">
    <skipped/>
  </testcase> <!-- universalorlando -->
</testsuite> <!-- org.xyz.automation.fb.DifferentWebsiteControl -->
