<?xml version="1.0" encoding="UTF-8"?>
<!-- Generated by org.testng.reporters.JUnitReportReporter -->
<testsuite hostname="DESKTOP-DJ4FDME" failures="0" tests="1" name="org.wipro.automation.saucedemo.basePkg.IniatiateBrowser" time="3.976" errors="0" timestamp="2025-02-22T06:24:48 IST" skipped="0">
  <testcase classname="org.wipro.automation.saucedemo.basePkg.IniatiateBrowser" name="launchBrowser" time="3.976"/>
</testsuite> <!-- org.wipro.automation.saucedemo.basePkg.IniatiateBrowser -->
